131
422
1
1
1
1
1
1
1
1
1
1
1
1
1
1
1
1
1
1
1
1
1
1
1
1
1
1
1
1
1
1
1
1
1
1
1
1
1
1
1
1
1
1
1
1
1
1
1
1
1
1
1
1
1
1
1
1
1
1
1
1
1
1
1
1
1
1
1
1
1
1
1
1
1
1
1
1
1
1
1
1
1
1
1
1
1
1
1
1
1
1
1
1
1
1
1
1
1
1
1
1
1
1
1
1
1
1
1
1
1
1
1
1
1
1
1
1
1
1
1
1
1
1
1
1
1
1
1
1
1
1
1
4 0 16 (146.263861 -216.000000 126.485187) (146.263861 -216.000000 384.000000) (146.263861 -192.000000 384.000000) (146.263861 -192.000000 126.485187) 
4 0 15 (146.263861 576.000000 144.000000) (146.263861 576.000000 126.485187) (146.263861 -192.000000 126.485187) (146.263861 -192.000000 144.000000) 
4 0 14 (146.263861 -192.000000 384.000000) (146.263861 576.000000 384.000000) (146.263861 576.000000 144.000000) (146.263861 -192.000000 144.000000) 
4 0 6 (146.263861 -216.000000 -48.000000) (146.263861 -216.000000 16.000000) (146.263861 576.000000 16.000000) (146.263861 576.000000 -48.000000) 
4 0 5 (146.263861 -216.000000 16.000000) (146.263861 -216.000000 126.485187) (146.263861 576.000000 126.485187) (146.263861 576.000000 16.000000) 
4 0 4 (146.263861 576.000000 384.000000) (146.263861 624.000000 384.000000) (146.263861 624.000000 -48.000000) (146.263861 576.000000 -48.000000) 
3 0 2 (146.263861 -216.000000 -2.668264) (146.263861 -216.000000 -48.000000) (315.444203 -216.000000 -48.000000) 
5 0 1 (592.000000 -216.000000 384.000000) (146.263861 -216.000000 384.000000) (146.263861 -216.000000 13.896155) (377.263456 -216.000000 -48.000000) (592.000000 -216.000000 -48.000000) 
4 1 115 (146.263861 -224.000000 16.000000) (146.263861 -224.000000 15.349456) (146.263861 -288.000000 15.349456) (146.263861 -288.000000 16.000000) 
4 1 100 (146.263861 -224.000000 33.514813) (146.263861 -224.000000 16.000000) (146.263861 -288.000000 16.000000) (146.263861 -288.000000 33.514813) 
4 1 87 (146.263861 -224.000000 67.227626) (146.263861 -224.000000 33.514813) (146.263861 -288.000000 33.514813) (146.263861 -288.000000 67.227626) 
4 1 84 (146.263861 -288.000000 384.000000) (146.263861 -224.000000 384.000000) (146.263861 -224.000000 67.227626) (146.263861 -288.000000 67.227626) 
4 1 16 (146.263861 -224.000000 384.000000) (146.263861 -216.000000 384.000000) (146.263861 -216.000000 126.485187) (146.263861 -224.000000 126.485187) 
4 1 7 (146.263861 -216.000000 16.000000) (146.263861 -216.000000 15.349456) (146.263861 -224.000000 15.349456) (146.263861 -224.000000 16.000000) 
4 1 5 (146.263861 -216.000000 126.485187) (146.263861 -216.000000 16.000000) (146.263861 -224.000000 16.000000) (146.263861 -224.000000 126.485187) 
5 1 3 (377.263456 -288.000000 -48.000000) (592.000000 -288.000000 -48.000000) (592.000000 -288.000000 384.000000) (146.263861 -288.000000 384.000000) (146.263861 -288.000000 13.896155) 
4 2 116 (146.263861 -288.000000 -42.000000) (146.263861 -288.000000 -2.668264) (146.263861 -224.000000 -2.668264) (146.263861 -224.000000 -42.000000) 
4 2 129 (146.263861 -224.000000 -48.000000) (146.263861 -288.000000 -48.000000) (146.263861 -288.000000 -42.000000) (146.263861 -224.000000 -42.000000) 
4 2 8 (146.263861 -216.000000 -2.668264) (146.263861 -216.000000 -48.000000) (146.263861 -224.000000 -48.000000) (146.263861 -224.000000 -2.668264) 
3 2 3 (146.263861 -288.000000 -48.000000) (315.444203 -288.000000 -48.000000) (146.263861 -288.000000 -2.668264) 
4 3 130 (146.263861 -688.000000 384.000000) (146.263861 -572.000000 384.000000) (146.263861 -572.000000 -48.000000) (146.263861 -688.000000 -48.000000) 
4 3 118 (146.263861 -288.000000 16.000000) (146.263861 -288.000000 -42.000000) (146.263861 -572.000000 -42.000000) (146.263861 -572.000000 16.000000) 
4 3 103 (146.263861 -288.000000 33.514813) (146.263861 -288.000000 16.000000) (146.263861 -572.000000 16.000000) (146.263861 -572.000000 33.514813) 
4 3 88 (146.263861 -288.000000 67.227626) (146.263861 -288.000000 33.514813) (146.263861 -572.000000 33.514813) (146.263861 -572.000000 67.227626) 
4 3 84 (146.263861 -572.000000 384.000000) (146.263861 -288.000000 384.000000) (146.263861 -288.000000 67.227626) (146.263861 -572.000000 67.227626) 
4 3 129 (146.263861 -288.000000 -42.000000) (146.263861 -288.000000 -48.000000) (146.263861 -572.000000 -48.000000) (146.263861 -572.000000 -42.000000) 
4 4 78 (-592.000000 576.000000 -48.000000) (-86.000000 576.000000 -48.000000) (-86.000000 576.000000 16.000000) (-592.000000 576.000000 16.000000) 
4 4 75 (-86.000000 576.000000 -48.000000) (-82.000000 576.000000 -48.000000) (-82.000000 576.000000 16.000000) (-86.000000 576.000000 16.000000) 
5 4 69 (-82.000000 576.000000 -48.000000) (-62.851252 576.000000 -48.000000) (-48.000000 576.000000 -39.425626) (-78.042390 576.000000 12.609320) (-82.000000 576.000000 12.609320) 
3 4 74 (-62.851252 576.000000 -48.000000) (-24.574374 576.000000 -48.000000) (-34.143594 576.000000 -31.425626) 
4 4 66 (-50.000000 576.000000 0.000000) (-52.287187 576.000000 0.000000) (-50.329577 576.000000 -3.390680) (-50.000000 576.000000 -3.390680) 
4 4 65 (52.804786 576.000000 -3.390680) (54.762396 576.000000 0.000000) (-50.000000 576.000000 0.000000) (-50.000000 576.000000 -3.390680) 
4 4 68 (-24.574374 576.000000 -48.000000) (27.049583 576.000000 -48.000000) (52.804786 576.000000 -3.390680) (-50.329577 576.000000 -3.390680) 
4 4 64 (-80.000000 576.000000 16.000000) (-82.000000 576.000000 16.000000) (-82.000000 576.000000 12.609320) (-78.042390 576.000000 12.609320) 
4 4 34 (-104.000000 576.000000 76.044428) (-104.000000 576.000000 93.618802) (-135.219854 576.000000 111.643594) (-112.000000 576.000000 71.425626) 
6 4 35 (-191.262794 576.000000 144.000000) (-592.000000 576.000000 144.000000) (-592.000000 576.000000 16.000000) (-104.000000 576.000000 16.000000) (-104.000000 576.000000 57.569219) (-135.219854 576.000000 111.643594) 
4 4 33 (-104.000000 576.000000 144.000000) (-191.262794 576.000000 144.000000) (-109.856406 576.000000 97.000000) (-104.000000 576.000000 107.143594) 
5 4 29 (-350.954988 576.000000 384.000000) (-592.000000 576.000000 384.000000) (-592.000000 576.000000 144.000000) (-82.720944 576.000000 144.000000) (-45.856406 576.000000 207.851252) 
4 4 28 (-0.122868 576.000000 255.064065) (-74.564065 576.000000 384.000000) (-350.954988 576.000000 384.000000) (-32.000000 576.000000 199.851252) 
3 4 26 (54.762396 576.000000 160.000000) (-0.122868 576.000000 255.064065) (-55.008131 576.000000 160.000000) 
3 4 27 (-64.000000 576.000000 144.425626) (-64.245735 576.000000 144.000000) (-64.000000 576.000000 144.000000) 
3 4 25 (96.000000 576.000000 71.425626) (100.950417 576.000000 80.000000) (96.000000 576.000000 88.574374) 
4 4 24 (27.049583 576.000000 -48.000000) (45.524791 576.000000 -48.000000) (45.856406 576.000000 -47.425626) (32.000000 576.000000 -39.425626) 
4 4 23 (109.856406 576.000000 63.425626) (110.188022 576.000000 64.000000) (100.950417 576.000000 80.000000) (96.000000 576.000000 71.425626) 
4 4 21 (45.856406 576.000000 207.425626) (-56.088856 576.000000 384.000000) (-74.564065 576.000000 384.000000) (32.000000 576.000000 199.425626) 
4 4 22 (110.188022 576.000000 64.000000) (119.425626 576.000000 80.000000) (109.856406 576.000000 96.574374) (96.000000 576.000000 88.574374) 
5 4 15 (119.425626 576.000000 80.000000) (146.263861 576.000000 126.485187) (146.263861 576.000000 144.000000) (96.000000 576.000000 144.000000) (96.000000 576.000000 120.574374) 
4 4 14 (146.263861 576.000000 144.000000) (146.263861 576.000000 384.000000) (-56.088856 576.000000 384.000000) (82.475209 576.000000 144.000000) 
3 4 12 (45.524791 576.000000 -48.000000) (82.000000 576.000000 -48.000000) (82.000000 576.000000 15.176915) 
5 4 10 (85.091035 576.000000 -42.000000) (85.091035 576.000000 16.000000) (82.475209 576.000000 16.000000) (82.000000 576.000000 15.176915) (82.000000 576.000000 -42.000000) 
4 4 11 (82.000000 576.000000 -48.000000) (85.091035 576.000000 -48.000000) (85.091035 576.000000 -42.000000) (82.000000 576.000000 -42.000000) 
4 4 6 (85.091035 576.000000 -48.000000) (146.263861 576.000000 -48.000000) (146.263861 576.000000 16.000000) (85.091035 576.000000 16.000000) 
4 4 5 (146.263861 576.000000 16.000000) (146.263861 576.000000 126.485187) (96.000000 576.000000 39.425626) (96.000000 576.000000 16.000000) 
5 5 100 (146.263861 -224.000000 16.000000) (146.263861 -224.000000 33.514813) (119.425626 -224.000000 80.000000) (96.000000 -224.000000 39.425626) (96.000000 -224.000000 16.000000) 
4 5 87 (146.263861 -224.000000 33.514813) (146.263861 -224.000000 67.227626) (129.157677 -224.000000 96.856406) (119.425626 -224.000000 80.000000) 
3 5 84 (146.263861 -224.000000 67.227626) (146.263861 -224.000000 126.485187) (129.157677 -224.000000 96.856406) 
4 5 23 (110.188022 576.000000 64.000000) (109.856406 576.000000 63.425626) (109.856406 -224.000000 63.425626) (110.188022 -224.000000 64.000000) 
4 5 22 (119.425626 576.000000 80.000000) (110.188022 576.000000 64.000000) (110.188022 -224.000000 64.000000) (119.425626 -224.000000 80.000000) 
4 5 19 (119.425626 -192.000000 80.000000) (119.425626 -224.000000 80.000000) (119.920072 -224.000000 80.856406) (119.920072 -192.000000 80.856406) 
4 5 18 (119.920072 -224.000000 80.856406) (129.157677 -224.000000 96.856406) (129.157677 -192.000000 96.856406) (119.920072 -192.000000 80.856406) 
4 5 16 (129.157677 -224.000000 96.856406) (146.263861 -224.000000 126.485187) (146.263861 -192.000000 126.485187) (129.157677 -192.000000 96.856406) 
4 5 15 (146.263861 576.000000 126.485187) (119.425626 576.000000 80.000000) (119.425626 -192.000000 80.000000) (146.263861 -192.000000 126.485187) 
4 5 7 (146.263861 -216.000000 16.000000) (146.263861 -224.000000 16.000000) (96.000000 -224.000000 16.000000) (96.000000 -216.000000 16.000000) 
4 5 6 (96.000000 576.000000 16.000000) (146.263861 576.000000 16.000000) (146.263861 -216.000000 16.000000) (96.000000 -216.000000 16.000000) 
4 6 10 (85.091035 -205.966679 16.000000) (85.091035 576.000000 16.000000) (85.091035 576.000000 -42.000000) (85.091035 -205.966679 -42.000000) 
4 6 11 (85.091035 576.000000 -42.000000) (85.091035 576.000000 -48.000000) (85.091035 -216.000000 -48.000000) (85.091035 -216.000000 -42.000000) 
4 6 8 (127.813944 -216.000000 -48.000000) (146.263861 -216.000000 -48.000000) (146.263861 -216.000000 -2.668264) (140.382788 -216.000000 -1.092435) 
4 6 9 (85.091035 -216.000000 -48.000000) (127.813944 -216.000000 -48.000000) (140.501192 -216.000000 -0.650544) (85.091035 -216.000000 -0.650544) 
4 6 7 (146.263861 -216.000000 15.349456) (146.263861 -216.000000 16.000000) (85.091035 -216.000000 16.000000) (85.091035 -216.000000 15.349456) 
4 7 115 (146.263861 -224.000000 15.349456) (146.263861 -224.000000 16.000000) (85.091035 -224.000000 16.000000) (85.091035 -224.000000 15.349456) 
4 8 116 (146.263861 -224.000000 -42.000000) (146.263861 -224.000000 -2.668264) (140.382788 -224.000000 -1.092435) (129.421639 -224.000000 -42.000000) 
4 8 129 (127.813944 -224.000000 -48.000000) (146.263861 -224.000000 -48.000000) (146.263861 -224.000000 -42.000000) (129.421639 -224.000000 -42.000000) 
4 8 9 (127.813944 -216.000000 -48.000000) (127.813944 -224.000000 -48.000000) (140.382788 -224.000000 -1.092435) (140.382788 -216.000000 -1.092435) 
4 9 117 (129.421639 -224.000000 -42.000000) (140.501192 -224.000000 -0.650544) (85.091035 -224.000000 -0.650544) (85.091035 -224.000000 -42.000000) 
4 9 129 (85.091035 -224.000000 -48.000000) (127.813944 -224.000000 -48.000000) (129.421639 -224.000000 -42.000000) (85.091035 -224.000000 -42.000000) 
4 9 11 (85.091035 -224.000000 -48.000000) (85.091035 -224.000000 -42.000000) (85.091035 -216.000000 -42.000000) (85.091035 -216.000000 -48.000000) 
4 10 12 (82.000000 576.000000 15.176915) (82.000000 576.000000 -42.000000) (82.000000 -205.966679 -42.000000) (82.000000 -205.966679 15.176915) 
4 10 11 (82.000000 -205.966679 -42.000000) (82.000000 576.000000 -42.000000) (85.091035 576.000000 -42.000000) (85.091035 -205.966679 -42.000000) 
4 11 129 (82.000000 -224.000000 -48.000000) (85.091035 -224.000000 -48.000000) (85.091035 -224.000000 -42.000000) (82.000000 -224.000000 -42.000000) 
4 11 13 (82.000000 -216.000000 -48.000000) (82.000000 -224.000000 -48.000000) (82.000000 -224.000000 -42.000000) (82.000000 -216.000000 -42.000000) 
4 11 12 (82.000000 576.000000 -42.000000) (82.000000 576.000000 -48.000000) (82.000000 -216.000000 -48.000000) (82.000000 -216.000000 -42.000000) 
4 12 24 (45.856406 576.000000 -47.425626) (45.524791 576.000000 -48.000000) (45.524791 -216.000000 -48.000000) (45.856406 -216.000000 -47.425626) 
4 12 13 (82.000000 -216.000000 -48.000000) (82.000000 -216.000000 -0.650544) (72.862012 -216.000000 -0.650544) (45.524791 -216.000000 -48.000000) 
4 13 122 (82.000000 -224.000000 -42.000000) (82.000000 -224.000000 -0.650544) (72.862012 -224.000000 -0.650544) (48.988893 -224.000000 -42.000000) 
4 13 129 (45.524791 -224.000000 -48.000000) (82.000000 -224.000000 -48.000000) (82.000000 -224.000000 -42.000000) (48.988893 -224.000000 -42.000000) 
4 13 24 (45.524791 -216.000000 -48.000000) (45.524791 -224.000000 -48.000000) (45.856406 -224.000000 -47.425626) (45.856406 -216.000000 -47.425626) 
4 14 21 (-56.088856 576.000000 384.000000) (45.856406 576.000000 207.425626) (45.856406 -192.000000 207.425626) (-56.088856 -192.000000 384.000000) 
4 14 20 (-55.099963 -192.000000 384.000000) (-56.088856 -192.000000 384.000000) (82.475209 -192.000000 144.000000) (83.464102 -192.000000 144.000000) 
4 14 17 (-36.624754 -192.000000 384.000000) (-55.099963 -192.000000 384.000000) (49.071797 -192.000000 203.569219) (62.928203 -192.000000 211.569219) 
4 14 16 (146.263861 -192.000000 144.000000) (146.263861 -192.000000 384.000000) (-36.624754 -192.000000 384.000000) (101.939310 -192.000000 144.000000) 
4 14 15 (96.000000 576.000000 144.000000) (146.263861 576.000000 144.000000) (146.263861 -192.000000 144.000000) (96.000000 -192.000000 144.000000) 
4 15 22 (109.856406 576.000000 96.574374) (119.425626 576.000000 80.000000) (119.425626 -192.000000 80.000000) (109.856406 -192.000000 96.574374) 
4 15 19 (119.425626 -192.000000 80.000000) (119.920072 -192.000000 80.856406) (96.000000 -192.000000 122.287187) (96.000000 -192.000000 120.574374) 
4 15 18 (119.920072 -192.000000 80.856406) (129.157677 -192.000000 96.856406) (110.928203 -192.000000 128.430781) (97.071797 -192.000000 120.430781) 
4 15 16 (129.157677 -192.000000 96.856406) (146.263861 -192.000000 126.485187) (146.263861 -192.000000 144.000000) (101.939310 -192.000000 144.000000) 
4 16 84 (129.157677 -224.000000 96.856406) (146.263861 -224.000000 126.485187) (146.263861 -224.000000 384.000000) (-36.624754 -224.000000 384.000000) 
4 16 18 (129.157677 -192.000000 96.856406) (129.157677 -224.000000 96.856406) (110.928203 -224.000000 128.430781) (110.928203 -192.000000 128.430781) 
4 16 17 (62.928203 -224.000000 211.569219) (-36.624754 -224.000000 384.000000) (-36.624754 -192.000000 384.000000) (62.928203 -192.000000 211.569219) 
4 17 91 (62.928203 -224.000000 211.569219) (-36.624754 -224.000000 384.000000) (-55.099963 -224.000000 384.000000) (49.071797 -224.000000 203.569219) 
4 17 20 (-55.099963 -192.000000 384.000000) (49.071797 -192.000000 203.569219) (49.071797 -224.000000 203.569219) (-55.099963 -224.000000 384.000000) 
4 18 87 (119.920072 -224.000000 80.856406) (129.157677 -224.000000 96.856406) (110.928203 -224.000000 128.430781) (97.071797 -224.000000 120.430781) 
4 18 19 (97.071797 -192.000000 120.430781) (119.920072 -192.000000 80.856406) (119.920072 -224.000000 80.856406) (97.071797 -224.000000 120.430781) 
4 19 87 (119.425626 -224.000000 80.000000) (119.920072 -224.000000 80.856406) (97.071797 -224.000000 120.430781) (96.330127 -224.000000 120.002577) 
4 19 86 (97.071797 -224.000000 120.430781) (96.000000 -224.000000 122.287187) (96.000000 -224.000000 120.574374) (96.330127 -224.000000 120.002577) 
4 19 22 (119.425626 -192.000000 80.000000) (119.425626 -224.000000 80.000000) (109.856406 -224.000000 96.574374) (109.856406 -192.000000 96.574374) 
4 20 93 (83.464102 -224.000000 144.000000) (-55.099963 -224.000000 384.000000) (-56.088856 -224.000000 384.000000) (82.475209 -224.000000 144.000000) 
4 20 21 (45.856406 -224.000000 207.425626) (-56.088856 -224.000000 384.000000) (-56.088856 -192.000000 384.000000) (45.856406 -192.000000 207.425626) 
4 21 108 (9.071797 -224.000000 271.138439) (-0.165808 -224.000000 287.138439) (-9.403412 -224.000000 271.138439) (-0.165808 -224.000000 255.138439) 
4 21 109 (-0.165808 -224.000000 287.138439) (-56.088856 -224.000000 384.000000) (-74.564065 -224.000000 384.000000) (-9.403412 -224.000000 271.138439) 
4 21 96 (45.856406 -224.000000 207.425626) (9.071797 -224.000000 271.138439) (-0.165808 -224.000000 255.138439) (32.000000 -224.000000 199.425626) 
4 21 52 (-0.969655 -224.000000 256.530744) (-74.564065 -224.000000 384.000000) (-74.564065 184.000000 384.000000) (-0.969655 184.000000 256.530744) 
4 21 51 (-74.564065 184.000000 384.000000) (-74.564065 208.000000 384.000000) (-10.207259 208.000000 272.530744) (-10.207259 184.000000 272.530744) 
4 21 50 (-74.564065 208.000000 384.000000) (-74.564065 264.000000 384.000000) (-10.207259 264.000000 272.530744) (-10.207259 208.000000 272.530744) 
4 21 49 (-10.207259 264.000000 272.530744) (-0.969655 264.000000 256.530744) (-0.969655 184.000000 256.530744) (-10.207259 184.000000 272.530744) 
4 21 43 (32.000000 -224.000000 199.425626) (-0.969655 -224.000000 256.530744) (-0.969655 264.000000 256.530744) (32.000000 264.000000 199.425626) 
4 21 31 (-10.207259 312.000000 272.530744) (-0.969655 312.000000 256.530744) (-0.969655 264.000000 256.530744) (-10.207259 264.000000 272.530744) 
4 21 32 (-74.564065 264.000000 384.000000) (-74.564065 312.000000 384.000000) (-10.207259 312.000000 272.530744) (-10.207259 264.000000 272.530744) 
4 21 30 (-0.969655 312.000000 256.530744) (-0.122868 312.000000 255.064065) (-0.122868 264.000000 255.064065) (-0.969655 264.000000 256.530744) 
4 21 28 (-74.564065 312.000000 384.000000) (-74.564065 576.000000 384.000000) (-0.122868 576.000000 255.064065) (-0.122868 312.000000 255.064065) 
4 21 26 (-0.122868 576.000000 255.064065) (32.000000 576.000000 199.425626) (32.000000 264.000000 199.425626) (-0.122868 264.000000 255.064065) 
4 22 100 (110.188022 -224.000000 64.000000) (119.425626 -224.000000 80.000000) (109.856406 -224.000000 96.574374) (96.000000 -224.000000 88.574374) 
4 22 25 (100.950417 -224.000000 80.000000) (96.000000 -224.000000 88.574374) (96.000000 576.000000 88.574374) (100.950417 576.000000 80.000000) 
4 22 23 (110.188022 576.000000 64.000000) (110.188022 -224.000000 64.000000) (100.950417 -224.000000 80.000000) (100.950417 576.000000 80.000000) 
4 23 100 (109.856406 -224.000000 63.425626) (110.188022 -224.000000 64.000000) (100.950417 -224.000000 80.000000) (96.000000 -224.000000 71.425626) 
4 23 25 (100.950417 -224.000000 80.000000) (100.950417 576.000000 80.000000) (96.000000 576.000000 71.425626) (96.000000 -224.000000 71.425626) 
3 24 122 (36.458947 -224.000000 -42.000000) (32.000000 -224.000000 -39.425626) (30.513684 -224.000000 -42.000000) 
5 24 129 (27.049583 -224.000000 -48.000000) (45.524791 -224.000000 -48.000000) (45.856406 -224.000000 -47.425626) (36.458947 -224.000000 -42.000000) (30.513684 -224.000000 -42.000000) 
4 24 68 (32.000000 576.000000 -39.425626) (27.049583 576.000000 -48.000000) (27.049583 -224.000000 -48.000000) (32.000000 -224.000000 -39.425626) 
3 25 100 (96.000000 -224.000000 71.425626) (100.950417 -224.000000 80.000000) (96.000000 -224.000000 88.574374) 
3 26 44 (-31.935590 264.000000 199.962813) (-55.008131 264.000000 160.000000) (37.282032 264.000000 160.000000) 
4 26 43 (54.762396 264.000000 160.000000) (-0.122868 264.000000 255.064065) (-31.935590 264.000000 199.962813) (37.282032 264.000000 160.000000) 
4 26 30 (-32.000000 264.000000 199.851252) (-0.122868 264.000000 255.064065) (-0.122868 312.000000 255.064065) (-32.000000 312.000000 199.851252) 
4 26 28 (-0.122868 312.000000 255.064065) (-0.122868 576.000000 255.064065) (-32.000000 576.000000 199.851252) (-32.000000 312.000000 199.851252) 
3 27 47 (-64.000000 264.000000 144.425626) (-64.245735 264.000000 144.000000) (-64.000000 264.000000 144.000000) 
4 27 38 (-64.000000 272.000000 144.000000) (-64.000000 264.000000 144.000000) (-64.245735 264.000000 144.000000) (-64.245735 272.000000 144.000000) 
4 27 36 (-64.000000 560.000000 144.000000) (-64.000000 288.000000 144.000000) (-64.245735 288.000000 144.000000) (-64.245735 560.000000 144.000000) 
4 28 31 (-0.969655 312.000000 256.530744) (-10.207259 312.000000 272.530744) (-44.000000 312.000000 214.000000) (-30.143594 312.000000 206.000000) 
4 28 32 (-10.207259 312.000000 272.530744) (-74.564065 312.000000 384.000000) (-350.954988 312.000000 384.000000) (-47.126588 312.000000 208.584591) 
4 28 30 (-32.000000 312.000000 199.851252) (-0.122868 312.000000 255.064065) (-0.969655 312.000000 256.530744) (-33.270181 312.000000 200.584591) 
4 28 29 (-350.954988 312.000000 384.000000) (-350.954988 576.000000 384.000000) (-45.856406 576.000000 207.851252) (-45.856406 312.000000 207.851252) 
4 29 42 (-592.000000 312.000000 144.000000) (-592.000000 560.000000 144.000000) (-191.262794 560.000000 144.000000) (-191.262794 312.000000 144.000000) 
4 29 39 (-191.262794 560.000000 144.000000) (-96.000000 560.000000 144.000000) (-96.000000 312.000000 144.000000) (-191.262794 312.000000 144.000000) 
4 29 35 (-592.000000 560.000000 144.000000) (-592.000000 576.000000 144.000000) (-191.262794 576.000000 144.000000) (-191.262794 560.000000 144.000000) 
4 29 33 (-191.262794 576.000000 144.000000) (-104.000000 576.000000 144.000000) (-104.000000 560.000000 144.000000) (-191.262794 560.000000 144.000000) 
5 29 32 (-592.000000 312.000000 144.000000) (-84.414519 312.000000 144.000000) (-47.126588 312.000000 208.584591) (-350.954988 312.000000 384.000000) (-592.000000 312.000000 384.000000) 
4 30 45 (-33.205771 264.000000 200.696152) (-33.270181 264.000000 200.584591) (-32.064410 264.000000 199.888439) (-32.000000 264.000000 200.000000) 
4 30 44 (-32.064410 264.000000 199.888439) (-32.000000 264.000000 199.851252) (-31.935590 264.000000 199.962813) (-32.000000 264.000000 200.000000) 
4 30 43 (-0.122868 264.000000 255.064065) (-0.969655 264.000000 256.530744) (-33.205771 264.000000 200.696152) (-31.935590 264.000000 199.962813) 
4 30 31 (-0.969655 312.000000 256.530744) (-30.143594 312.000000 206.000000) (-30.143594 264.000000 206.000000) (-0.969655 264.000000 256.530744) 
4 31 49 (-0.969655 264.000000 256.530744) (-10.207259 264.000000 272.530744) (-44.000000 264.000000 214.000000) (-30.143594 264.000000 206.000000) 
4 31 32 (-44.000000 264.000000 214.000000) (-10.207259 264.000000 272.530744) (-10.207259 312.000000 272.530744) (-44.000000 312.000000 214.000000) 
4 32 57 (-530.448637 264.000000 384.000000) (-592.000000 264.000000 384.000000) (-592.000000 264.000000 144.000000) (-114.756443 264.000000 144.000000) 
5 32 50 (-10.207259 264.000000 272.530744) (-74.564065 264.000000 384.000000) (-96.000000 264.000000 384.000000) (-96.000000 264.000000 144.000000) (-84.414519 264.000000 144.000000) 
4 32 54 (-96.000000 264.000000 384.000000) (-530.448637 264.000000 384.000000) (-114.756443 264.000000 144.000000) (-96.000000 264.000000 144.000000) 
4 32 42 (-592.000000 264.000000 144.000000) (-592.000000 312.000000 144.000000) (-191.262794 312.000000 144.000000) (-191.262794 264.000000 144.000000) 
4 32 39 (-191.262794 312.000000 144.000000) (-96.000000 312.000000 144.000000) (-96.000000 264.000000 144.000000) (-191.262794 264.000000 144.000000) 
4 33 39 (-104.000000 560.000000 144.000000) (-191.262794 560.000000 144.000000) (-109.856406 560.000000 97.000000) (-104.000000 560.000000 107.143594) 
4 33 34 (-109.856406 560.000000 97.000000) (-135.219854 560.000000 111.643594) (-135.219854 576.000000 111.643594) (-109.856406 576.000000 97.000000) 
4 33 35 (-135.219854 560.000000 111.643594) (-191.262794 560.000000 144.000000) (-191.262794 576.000000 144.000000) (-135.219854 576.000000 111.643594) 
5 34 41 (-104.000000 560.000000 76.044428) (-104.000000 560.000000 89.569219) (-107.507042 560.000000 95.643594) (-135.219854 560.000000 111.643594) (-112.000000 560.000000 71.425626) 
3 34 40 (-104.000000 560.000000 89.569219) (-104.000000 560.000000 93.618802) (-107.507042 560.000000 95.643594) 
4 34 35 (-112.000000 560.000000 71.425626) (-135.219854 560.000000 111.643594) (-135.219854 576.000000 111.643594) (-112.000000 576.000000 71.425626) 
4 35 78 (-592.000000 560.000000 16.000000) (-592.000000 576.000000 16.000000) (-104.000000 576.000000 16.000000) (-104.000000 560.000000 16.000000) 
6 35 42 (-191.262794 560.000000 144.000000) (-592.000000 560.000000 144.000000) (-592.000000 560.000000 16.000000) (-104.000000 560.000000 16.000000) (-104.000000 560.000000 57.569219) (-135.219854 560.000000 111.643594) 
4 36 37 (-32.000000 288.000000 16.000000) (32.000000 288.000000 16.000000) (32.000000 288.000000 144.000000) (-32.000000 288.000000 144.000000) 
4 37 38 (-32.000000 272.000000 16.000000) (32.000000 272.000000 16.000000) (32.000000 272.000000 144.000000) (-32.000000 272.000000 144.000000) 
6 38 55 (64.000000 264.000000 16.000000) (74.736515 264.000000 34.596189) (-76.873412 264.000000 122.128222) (-80.000000 264.000000 116.712813) (-80.000000 264.000000 48.000000) (-61.524791 264.000000 16.000000) 
4 38 47 (-64.000000 264.000000 144.000000) (-64.245735 264.000000 144.000000) (-76.873412 264.000000 122.128222) (-64.000000 264.000000 114.695754) 
6 38 46 (74.736515 264.000000 34.596189) (80.000000 264.000000 43.712813) (80.000000 264.000000 116.287187) (64.000000 264.000000 144.000000) (-64.000000 264.000000 144.000000) (-64.000000 264.000000 114.695754) 
5 39 57 (-114.756443 264.000000 144.000000) (-191.262794 264.000000 144.000000) (-109.856406 264.000000 97.000000) (-96.000000 264.000000 121.000000) (-96.000000 264.000000 133.170962) 
3 39 54 (-96.000000 264.000000 144.000000) (-114.756443 264.000000 144.000000) (-96.000000 264.000000 133.170962) 
4 39 41 (-135.219854 560.000000 111.643594) (-109.856406 560.000000 97.000000) (-109.856406 264.000000 97.000000) (-135.219854 264.000000 111.643594) 
4 39 42 (-191.262794 264.000000 144.000000) (-191.262794 560.000000 144.000000) (-135.219854 560.000000 111.643594) (-135.219854 264.000000 111.643594) 
3 40 57 (-96.000000 264.000000 75.712813) (-96.000000 264.000000 89.000000) (-107.507042 264.000000 95.643594) 
4 40 41 (-107.507042 560.000000 95.643594) (-98.143594 560.000000 79.425626) (-98.143594 264.000000 79.425626) (-107.507042 264.000000 95.643594) 
4 41 57 (-98.143594 264.000000 79.425626) (-107.507042 264.000000 95.643594) (-135.219854 264.000000 111.643594) (-112.000000 264.000000 71.425626) 
4 41 42 (-135.219854 264.000000 111.643594) (-135.219854 560.000000 111.643594) (-112.000000 560.000000 71.425626) (-112.000000 264.000000 71.425626) 
4 42 79 (-592.000000 264.000000 16.000000) (-592.000000 276.000000 16.000000) (-96.000000 276.000000 16.000000) (-96.000000 264.000000 16.000000) 
4 42 78 (-592.000000 276.000000 16.000000) (-592.000000 560.000000 16.000000) (-96.000000 560.000000 16.000000) (-96.000000 276.000000 16.000000) 
6 42 57 (-191.262794 264.000000 144.000000) (-592.000000 264.000000 144.000000) (-592.000000 264.000000 16.000000) (-96.000000 264.000000 16.000000) (-96.000000 264.000000 43.712813) (-135.219854 264.000000 111.643594) 
4 43 108 (-0.165808 -224.000000 255.138439) (-0.969655 -224.000000 256.530744) (-33.205771 -224.000000 200.696152) (-32.000000 -224.000000 200.000000) 
4 43 96 (54.762396 -224.000000 160.000000) (-0.165808 -224.000000 255.138439) (-32.000000 -224.000000 200.000000) (37.282032 -224.000000 160.000000) 
4 43 52 (-33.205771 184.000000 200.696152) (-33.205771 -224.000000 200.696152) (-0.969655 -224.000000 256.530744) (-0.969655 184.000000 256.530744) 
4 43 49 (-0.969655 264.000000 256.530744) (-30.143594 264.000000 206.000000) (-30.143594 184.000000 206.000000) (-0.969655 184.000000 256.530744) 
4 43 45 (-33.205771 208.000000 200.696152) (-33.205771 264.000000 200.696152) (-32.000000 264.000000 200.000000) (-32.000000 208.000000 200.000000) 
4 43 44 (-32.000000 264.000000 200.000000) (37.282032 264.000000 160.000000) (37.282032 -224.000000 160.000000) (-32.000000 -224.000000 200.000000) 
3 44 96 (-55.094011 -224.000000 160.000000) (37.282032 -224.000000 160.000000) (-32.000000 -224.000000 200.000000) 
4 44 45 (-32.000000 264.000000 200.000000) (-55.094011 264.000000 160.000000) (-55.094011 208.000000 160.000000) (-32.000000 208.000000 200.000000) 
6 46 102 (74.736515 -224.000000 34.596189) (80.000000 -224.000000 43.712813) (80.000000 -224.000000 116.287187) (64.000000 -224.000000 144.000000) (-64.000000 -224.000000 144.000000) (-64.000000 -224.000000 114.695754) 
4 46 58 (74.736515 208.000000 34.596189) (74.736515 -224.000000 34.596189) (-64.000000 -224.000000 114.695754) (-64.000000 208.000000 114.695754) 
4 46 55 (-64.000000 264.000000 114.695754) (74.736515 264.000000 34.596189) (74.736515 208.000000 34.596189) (-64.000000 208.000000 114.695754) 
4 46 47 (-64.000000 264.000000 114.695754) (-64.000000 -224.000000 114.695754) (-64.000000 -224.000000 144.000000) (-64.000000 264.000000 144.000000) 
4 47 102 (-76.937822 -224.000000 122.165409) (-64.000000 -224.000000 114.695754) (-64.000000 -224.000000 144.000000) (-64.331615 -224.000000 144.000000) 
3 47 99 (-64.000000 -224.000000 144.000000) (-64.000000 -224.000000 144.574374) (-64.331615 -224.000000 144.000000) 
4 47 58 (-64.000000 208.000000 114.695754) (-64.000000 -224.000000 114.695754) (-76.937822 -224.000000 122.165409) (-76.937822 208.000000 122.165409) 
4 47 55 (-76.937822 264.000000 122.165409) (-64.000000 264.000000 114.695754) (-64.000000 208.000000 114.695754) (-76.937822 208.000000 122.165409) 
4 47 48 (-64.000000 208.000000 144.574374) (-64.000000 264.000000 144.574374) (-76.937822 264.000000 122.165409) (-76.937822 208.000000 122.165409) 
4 48 55 (-78.143594 264.000000 122.861561) (-76.937822 264.000000 122.165409) (-76.937822 208.000000 122.165409) (-78.143594 208.000000 122.861561) 
4 49 52 (-30.143594 184.000000 206.000000) (-0.969655 184.000000 256.530744) (-10.207259 184.000000 272.530744) (-44.000000 184.000000 214.000000) 
4 49 51 (-44.000000 208.000000 214.000000) (-44.000000 184.000000 214.000000) (-10.207259 184.000000 272.530744) (-10.207259 208.000000 272.530744) 
4 49 50 (-10.207259 264.000000 272.530744) (-44.000000 264.000000 214.000000) (-44.000000 208.000000 214.000000) (-10.207259 208.000000 272.530744) 
4 50 57 (-96.000000 264.000000 133.170962) (-92.000000 264.000000 130.861561) (-92.000000 208.000000 130.861561) (-96.000000 208.000000 133.170962) 
5 50 51 (-96.000000 208.000000 384.000000) (-96.000000 208.000000 144.000000) (-84.414519 208.000000 144.000000) (-10.207259 208.000000 272.530744) (-74.564065 208.000000 384.000000) 
4 50 54 (-96.000000 208.000000 384.000000) (-96.000000 264.000000 384.000000) (-96.000000 264.000000 133.170962) (-96.000000 208.000000 133.170962) 
4 51 53 (-96.000000 184.000000 236.950417) (-96.000000 184.000000 144.000000) (-84.414519 184.000000 144.000000) (-47.062178 184.000000 208.696152) 
5 51 52 (-96.000000 184.000000 384.000000) (-96.000000 184.000000 236.950417) (-47.062178 184.000000 208.696152) (-10.207259 184.000000 272.530744) (-74.564065 184.000000 384.000000) 
4 51 54 (-96.000000 184.000000 384.000000) (-96.000000 208.000000 384.000000) (-96.000000 208.000000 144.000000) (-96.000000 184.000000 144.000000) 
4 52 110 (-80.000000 -224.000000 384.000000) (-96.000000 -224.000000 384.000000) (-96.000000 -224.000000 236.950417) (-80.000000 -224.000000 227.712813) 
4 52 108 (-0.969655 -224.000000 256.530744) (-9.403412 -224.000000 271.138439) (-45.856406 -224.000000 208.000000) (-33.205771 -224.000000 200.696152) 
5 52 109 (-9.403412 -224.000000 271.138439) (-74.564065 -224.000000 384.000000) (-80.000000 -224.000000 384.000000) (-80.000000 -224.000000 227.712813) (-45.856406 -224.000000 208.000000) 
4 52 53 (-96.000000 -224.000000 236.950417) (-96.000000 184.000000 236.950417) (-45.856406 184.000000 208.000000) (-45.856406 -224.000000 208.000000) 
4 52 54 (-96.000000 -224.000000 236.950417) (-96.000000 -224.000000 384.000000) (-96.000000 184.000000 384.000000) (-96.000000 184.000000 236.950417) 
5 53 110 (-96.000000 -224.000000 236.950417) (-96.000000 -224.000000 144.000000) (-82.806824 -224.000000 144.000000) (-80.000000 -224.000000 148.861561) (-80.000000 -224.000000 227.712813) 
3 53 109 (-80.000000 -224.000000 148.861561) (-45.856406 -224.000000 208.000000) (-80.000000 -224.000000 227.712813) 
4 53 54 (-96.000000 -224.000000 144.000000) (-96.000000 -224.000000 236.950417) (-96.000000 184.000000 236.950417) (-96.000000 184.000000 144.000000) 
4 54 111 (-114.000000 -224.000000 144.000000) (-114.000000 -224.000000 143.563267) (-96.000000 -224.000000 133.170962) (-96.000000 -224.000000 144.000000) 
4 54 110 (-96.000000 -224.000000 384.000000) (-114.000000 -224.000000 384.000000) (-114.000000 -224.000000 144.000000) (-96.000000 -224.000000 144.000000) 
3 54 128 (-114.000000 -224.000000 384.000000) (-530.448637 -224.000000 384.000000) (-114.000000 -224.000000 143.563267) 
4 54 59 (-530.448637 -224.000000 384.000000) (-530.448637 208.000000 384.000000) (-96.000000 208.000000 133.170962) (-96.000000 -224.000000 133.170962) 
4 54 57 (-530.448637 208.000000 384.000000) (-530.448637 264.000000 384.000000) (-96.000000 264.000000 133.170962) (-96.000000 208.000000 133.170962) 
4 55 63 (-80.000000 264.000000 16.000000) (-64.000000 264.000000 16.000000) (-64.000000 208.000000 16.000000) (-80.000000 208.000000 16.000000) 
4 55 64 (-82.000000 264.000000 16.000000) (-80.000000 264.000000 16.000000) (-80.000000 208.000000 16.000000) (-82.000000 208.000000 16.000000) 
6 55 58 (64.000000 208.000000 16.000000) (74.736515 208.000000 34.596189) (-76.937822 208.000000 122.165409) (-80.000000 208.000000 116.861561) (-80.000000 208.000000 48.000000) (-61.524791 208.000000 16.000000) 
4 55 56 (-82.000000 208.000000 50.609320) (-82.000000 208.000000 125.088059) (-82.000000 264.000000 125.088059) (-82.000000 264.000000 50.609320) 
4 56 57 (-86.000000 264.000000 127.397460) (-86.000000 264.000000 50.609320) (-86.000000 208.000000 50.609320) (-86.000000 208.000000 127.397460) 
4 57 79 (-592.000000 208.000000 16.000000) (-592.000000 264.000000 16.000000) (-86.000000 264.000000 16.000000) (-86.000000 208.000000 16.000000) 
4 57 61 (-98.143594 208.000000 79.425626) (-107.635861 208.000000 95.866716) (-135.348674 208.000000 111.866716) (-112.000000 208.000000 71.425626) 
3 57 60 (-96.000000 208.000000 75.712813) (-96.000000 208.000000 89.148748) (-107.635861 208.000000 95.866716) 
5 57 62 (-592.000000 208.000000 375.514482) (-592.000000 208.000000 16.000000) (-96.000000 208.000000 16.000000) (-96.000000 208.000000 43.712813) (-135.348674 208.000000 111.866716) 
6 57 59 (-96.000000 208.000000 133.170962) (-530.448637 208.000000 384.000000) (-592.000000 208.000000 384.000000) (-592.000000 208.000000 375.514482) (-109.856406 208.000000 97.148748) (-96.000000 208.000000 121.148748) 
6 58 102 (64.000000 -224.000000 16.000000) (74.736515 -224.000000 34.596189) (-76.937822 -224.000000 122.165409) (-80.000000 -224.000000 116.861561) (-80.000000 -224.000000 48.000000) (-61.524791 -224.000000 16.000000) 
5 59 111 (-96.000000 -224.000000 133.170962) (-114.000000 -224.000000 143.563267) (-114.000000 -224.000000 99.541053) (-109.856406 -224.000000 97.148748) (-96.000000 -224.000000 121.148748) 
5 59 128 (-114.000000 -224.000000 143.563267) (-530.448637 -224.000000 384.000000) (-592.000000 -224.000000 384.000000) (-592.000000 -224.000000 375.514482) (-114.000000 -224.000000 99.541053) 
4 59 61 (-109.856406 -224.000000 97.148748) (-135.348674 -224.000000 111.866716) (-135.348674 208.000000 111.866716) (-109.856406 208.000000 97.148748) 
4 59 62 (-135.348674 -224.000000 111.866716) (-592.000000 -224.000000 375.514482) (-592.000000 208.000000 375.514482) (-135.348674 208.000000 111.866716) 
3 60 113 (-96.000000 -224.000000 75.712813) (-96.000000 -224.000000 80.663230) (-98.143594 -224.000000 79.425626) 
4 60 112 (-96.000000 -224.000000 80.663230) (-96.000000 -224.000000 89.148748) (-107.635861 -224.000000 95.866716) (-98.143594 -224.000000 79.425626) 
4 60 61 (-107.635861 208.000000 95.866716) (-98.143594 208.000000 79.425626) (-98.143594 -224.000000 79.425626) (-107.635861 -224.000000 95.866716) 
5 61 112 (-98.143594 -224.000000 79.425626) (-107.635861 -224.000000 95.866716) (-114.000000 -224.000000 99.541053) (-114.000000 -224.000000 74.889727) (-112.000000 -224.000000 71.425626) 
3 61 128 (-114.000000 -224.000000 99.541053) (-135.348674 -224.000000 111.866716) (-114.000000 -224.000000 74.889727) 
4 61 62 (-135.348674 -224.000000 111.866716) (-135.348674 208.000000 111.866716) (-112.000000 208.000000 71.425626) (-112.000000 -224.000000 71.425626) 
4 62 114 (-114.000000 -224.000000 16.000000) (-96.000000 -224.000000 16.000000) (-96.000000 -224.000000 43.712813) (-114.000000 -224.000000 74.889727) 
5 62 128 (-592.000000 -224.000000 375.514482) (-592.000000 -224.000000 16.000000) (-114.000000 -224.000000 16.000000) (-114.000000 -224.000000 74.889727) (-135.348674 -224.000000 111.866716) 
4 62 79 (-592.000000 204.000000 16.000000) (-592.000000 208.000000 16.000000) (-96.000000 208.000000 16.000000) (-96.000000 204.000000 16.000000) 
4 62 83 (-592.000000 -224.000000 16.000000) (-592.000000 204.000000 16.000000) (-96.000000 204.000000 16.000000) (-96.000000 -224.000000 16.000000) 
4 63 64 (-80.000000 208.000000 16.000000) (-80.000000 264.000000 16.000000) (-78.042390 264.000000 12.609320) (-78.042390 208.000000 12.609320) 
4 64 127 (-80.000000 -224.000000 16.000000) (-82.000000 -224.000000 16.000000) (-82.000000 -224.000000 12.609320) (-78.042390 -224.000000 12.609320) 
4 64 77 (-82.000000 -224.000000 12.609320) (-82.000000 -224.000000 16.000000) (-82.000000 178.000000 16.000000) (-82.000000 178.000000 12.609320) 
4 64 75 (-82.000000 306.000000 16.000000) (-82.000000 576.000000 16.000000) (-82.000000 576.000000 12.609320) (-82.000000 306.000000 12.609320) 
4 64 73 (-78.042390 -224.000000 12.609320) (-82.000000 -224.000000 12.609320) (-82.000000 204.000000 12.609320) (-78.042390 204.000000 12.609320) 
4 64 69 (-82.000000 276.000000 12.609320) (-82.000000 576.000000 12.609320) (-78.042390 576.000000 12.609320) (-78.042390 276.000000 12.609320) 
4 65 66 (-50.000000 576.000000 0.000000) (-50.000000 576.000000 -3.390680) (-50.000000 276.000000 -3.390680) (-50.000000 276.000000 0.000000) 
4 65 67 (52.804786 204.000000 -3.390680) (54.762396 204.000000 0.000000) (-50.000000 204.000000 0.000000) (-50.000000 204.000000 -3.390680) 
4 65 68 (-50.000000 576.000000 -3.390680) (52.804786 576.000000 -3.390680) (52.804786 204.000000 -3.390680) (-50.000000 204.000000 -3.390680) 
4 66 68 (-50.329577 276.000000 -3.390680) (-50.329577 576.000000 -3.390680) (-50.000000 576.000000 -3.390680) (-50.000000 276.000000 -3.390680) 
4 67 121 (54.386804 -224.000000 -0.650544) (54.762396 -224.000000 0.000000) (-52.287187 -224.000000 0.000000) (-51.911595 -224.000000 -0.650544) 
4 67 122 (52.804786 -224.000000 -3.390680) (54.386804 -224.000000 -0.650544) (-51.911595 -224.000000 -0.650544) (-50.329577 -224.000000 -3.390680) 
4 67 68 (-50.329577 -224.000000 -3.390680) (-50.329577 204.000000 -3.390680) (52.804786 204.000000 -3.390680) (52.804786 -224.000000 -3.390680) 
4 68 122 (30.513684 -224.000000 -42.000000) (52.804786 -224.000000 -3.390680) (-50.329577 -224.000000 -3.390680) (-28.038476 -224.000000 -42.000000) 
4 68 129 (-24.574374 -224.000000 -48.000000) (27.049583 -224.000000 -48.000000) (30.513684 -224.000000 -42.000000) (-28.038476 -224.000000 -42.000000) 
4 68 70 (-50.329577 208.000000 -3.390680) (-50.329577 264.000000 -3.390680) (-34.143594 264.000000 -31.425626) (-34.143594 208.000000 -31.425626) 
4 68 74 (-24.574374 576.000000 -48.000000) (-24.574374 -224.000000 -48.000000) (-34.143594 -224.000000 -31.425626) (-34.143594 576.000000 -31.425626) 
4 69 76 (-82.000000 306.000000 -48.000000) (-82.000000 276.000000 -48.000000) (-82.000000 276.000000 -45.390680) (-82.000000 306.000000 -45.390680) 
4 69 75 (-82.000000 576.000000 -48.000000) (-82.000000 306.000000 -48.000000) (-82.000000 306.000000 12.609320) (-82.000000 576.000000 12.609320) 
5 69 71 (-82.000000 276.000000 -3.390680) (-82.000000 276.000000 -48.000000) (-62.851252 276.000000 -48.000000) (-48.000000 276.000000 -39.425626) (-68.804786 276.000000 -3.390680) 
4 69 74 (-62.851252 576.000000 -48.000000) (-48.000000 576.000000 -39.425626) (-48.000000 276.000000 -39.425626) (-62.851252 276.000000 -48.000000) 
4 70 71 (-48.000000 264.000000 -39.425626) (-48.000000 208.000000 -39.425626) (-68.804786 208.000000 -3.390680) (-68.804786 264.000000 -3.390680) 
4 70 74 (-34.143594 264.000000 -31.425626) (-34.143594 208.000000 -31.425626) (-48.000000 208.000000 -39.425626) (-48.000000 264.000000 -39.425626) 
4 71 76 (-82.000000 276.000000 -48.000000) (-82.000000 208.000000 -48.000000) (-82.000000 208.000000 -45.390680) (-82.000000 276.000000 -45.390680) 
5 71 72 (-82.000000 208.000000 -48.000000) (-62.851252 208.000000 -48.000000) (-48.000000 208.000000 -39.425626) (-68.804786 208.000000 -3.390680) (-82.000000 208.000000 -3.390680) 
4 71 74 (-48.000000 208.000000 -39.425626) (-62.851252 208.000000 -48.000000) (-62.851252 276.000000 -48.000000) (-48.000000 276.000000 -39.425626) 
4 72 76 (-82.000000 208.000000 -48.000000) (-82.000000 204.000000 -48.000000) (-82.000000 204.000000 -45.390680) (-82.000000 208.000000 -45.390680) 
5 72 73 (-82.000000 204.000000 -3.390680) (-82.000000 204.000000 -48.000000) (-62.851252 204.000000 -48.000000) (-48.000000 204.000000 -39.425626) (-68.804786 204.000000 -3.390680) 
4 72 74 (-62.851252 204.000000 -48.000000) (-62.851252 208.000000 -48.000000) (-48.000000 208.000000 -39.425626) (-48.000000 204.000000 -39.425626) 
5 73 127 (-52.458947 -224.000000 -42.000000) (-48.000000 -224.000000 -39.425626) (-78.042390 -224.000000 12.609320) (-82.000000 -224.000000 12.609320) (-82.000000 -224.000000 -42.000000) 
4 73 129 (-82.000000 -224.000000 -48.000000) (-62.851252 -224.000000 -48.000000) (-52.458947 -224.000000 -42.000000) (-82.000000 -224.000000 -42.000000) 
4 73 76 (-82.000000 204.000000 -48.000000) (-82.000000 178.000000 -48.000000) (-82.000000 178.000000 -45.390680) (-82.000000 204.000000 -45.390680) 
4 73 77 (-82.000000 178.000000 -48.000000) (-82.000000 -224.000000 -48.000000) (-82.000000 -224.000000 12.609320) (-82.000000 178.000000 12.609320) 
4 73 74 (-48.000000 -224.000000 -39.425626) (-62.851252 -224.000000 -48.000000) (-62.851252 204.000000 -48.000000) (-48.000000 204.000000 -39.425626) 
4 74 126 (-28.038476 -224.000000 -42.000000) (-34.143594 -224.000000 -31.425626) (-48.000000 -224.000000 -39.425626) (-46.513684 -224.000000 -42.000000) 
3 74 127 (-48.000000 -224.000000 -39.425626) (-52.458947 -224.000000 -42.000000) (-46.513684 -224.000000 -42.000000) 
4 74 129 (-62.851252 -224.000000 -48.000000) (-24.574374 -224.000000 -48.000000) (-28.038476 -224.000000 -42.000000) (-52.458947 -224.000000 -42.000000) 
4 75 78 (-86.000000 576.000000 16.000000) (-86.000000 576.000000 -48.000000) (-86.000000 306.000000 -48.000000) (-86.000000 306.000000 16.000000) 
4 75 76 (-86.000000 306.000000 -48.000000) (-82.000000 306.000000 -48.000000) (-82.000000 306.000000 -45.390680) (-86.000000 306.000000 -45.390680) 
4 76 81 (-86.000000 276.000000 -48.000000) (-86.000000 204.000000 -48.000000) (-86.000000 204.000000 -45.390680) (-86.000000 276.000000 -45.390680) 
4 76 83 (-86.000000 204.000000 -48.000000) (-86.000000 178.000000 -48.000000) (-86.000000 178.000000 -45.390680) (-86.000000 204.000000 -45.390680) 
4 76 78 (-86.000000 306.000000 -48.000000) (-86.000000 276.000000 -48.000000) (-86.000000 276.000000 -45.390680) (-86.000000 306.000000 -45.390680) 
4 76 77 (-86.000000 178.000000 -45.390680) (-86.000000 178.000000 -48.000000) (-82.000000 178.000000 -48.000000) (-82.000000 178.000000 -45.390680) 
4 77 127 (-82.000000 -224.000000 -42.000000) (-82.000000 -224.000000 16.000000) (-86.000000 -224.000000 16.000000) (-86.000000 -224.000000 -42.000000) 
4 77 129 (-86.000000 -224.000000 -48.000000) (-82.000000 -224.000000 -48.000000) (-82.000000 -224.000000 -42.000000) (-86.000000 -224.000000 -42.000000) 
4 77 83 (-86.000000 178.000000 -48.000000) (-86.000000 -224.000000 -48.000000) (-86.000000 -224.000000 16.000000) (-86.000000 178.000000 16.000000) 
3 78 82 (-299.217878 276.000000 -48.000000) (-122.548160 276.000000 -48.000000) (-134.382787 276.000000 -3.832570) 
4 78 81 (-122.548160 276.000000 -48.000000) (-86.000000 276.000000 -48.000000) (-86.000000 276.000000 -3.390680) (-134.501192 276.000000 -3.390680) 
5 78 80 (-592.000000 276.000000 -48.000000) (-361.037131 276.000000 -48.000000) (-140.263866 276.000000 11.156018) (-140.263866 276.000000 12.609320) (-592.000000 276.000000 12.609320) 
4 78 79 (-86.000000 276.000000 12.609320) (-86.000000 276.000000 16.000000) (-592.000000 276.000000 16.000000) (-592.000000 276.000000 12.609320) 
4 79 80 (-592.000000 204.000000 12.609320) (-592.000000 276.000000 12.609320) (-140.263866 276.000000 12.609320) (-140.263866 204.000000 12.609320) 
4 79 83 (-592.000000 204.000000 16.000000) (-592.000000 204.000000 12.609320) (-86.000000 204.000000 12.609320) (-86.000000 204.000000 16.000000) 
5 80 83 (-592.000000 204.000000 12.609320) (-592.000000 204.000000 -48.000000) (-361.037133 204.000000 -48.000000) (-140.263866 204.000000 11.156019) (-140.263866 204.000000 12.609320) 
4 81 82 (-134.382787 276.000000 -3.832570) (-122.548160 276.000000 -48.000000) (-122.548162 204.000000 -48.000000) (-134.382789 204.000000 -3.832570) 
4 81 83 (-122.548162 204.000000 -48.000000) (-86.000000 204.000000 -48.000000) (-86.000000 204.000000 -3.390680) (-134.501193 204.000000 -3.390680) 
3 82 83 (-299.217880 204.000000 -48.000000) (-122.548162 204.000000 -48.000000) (-134.382789 204.000000 -3.832570) 
4 83 127 (-86.000000 -224.000000 -42.000000) (-86.000000 -224.000000 16.000000) (-114.000000 -224.000000 16.000000) (-114.000000 -224.000000 -42.000000) 
4 83 128 (-114.000000 -224.000000 16.000000) (-592.000000 -224.000000 16.000000) (-592.000000 -224.000000 -42.000000) (-114.000000 -224.000000 -42.000000) 
4 83 129 (-592.000000 -224.000000 -48.000000) (-86.000000 -224.000000 -48.000000) (-86.000000 -224.000000 -42.000000) (-592.000000 -224.000000 -42.000000) 
3 84 130 (146.263861 -572.000000 67.227626) (146.263861 -572.000000 384.000000) (-36.624754 -572.000000 384.000000) 
4 84 91 (-36.624754 -320.000000 384.000000) (-36.624754 -224.000000 384.000000) (62.928203 -224.000000 211.569219) (62.928203 -320.000000 211.569219) 
4 84 92 (-36.624754 -572.000000 384.000000) (-36.624754 -320.000000 384.000000) (96.000000 -320.000000 154.287187) (96.000000 -572.000000 154.287187) 
4 84 89 (128.085880 -572.000000 98.712813) (118.848276 -572.000000 114.712813) (118.848276 -288.000000 114.712813) (128.085880 -288.000000 98.712813) 
4 84 90 (118.848276 -572.000000 114.712813) (110.928203 -572.000000 128.430781) (110.928203 -288.000000 128.430781) (118.848276 -288.000000 114.712813) 
4 84 88 (146.263861 -288.000000 67.227626) (146.263861 -572.000000 67.227626) (128.085880 -572.000000 98.712813) (128.085880 -288.000000 98.712813) 
4 84 87 (110.928203 -224.000000 128.430781) (146.263861 -224.000000 67.227626) (146.263861 -288.000000 67.227626) (110.928203 -288.000000 128.430781) 
4 84 85 (110.928203 -320.000000 128.430781) (110.928203 -572.000000 128.430781) (96.000000 -572.000000 154.287187) (96.000000 -320.000000 154.287187) 
4 85 130 (110.928203 -572.000000 128.430781) (96.000000 -572.000000 154.287187) (96.000000 -572.000000 122.287187) (97.071797 -572.000000 120.430781) 
4 85 92 (96.000000 -572.000000 144.000000) (96.000000 -572.000000 154.287187) (96.000000 -320.000000 154.287187) (96.000000 -320.000000 144.000000) 
4 85 90 (110.928203 -320.000000 128.430781) (110.928203 -572.000000 128.430781) (97.071797 -572.000000 120.430781) (97.071797 -320.000000 120.430781) 
4 85 86 (97.071797 -572.000000 120.430781) (96.000000 -572.000000 122.287187) (96.000000 -320.000000 122.287187) (97.071797 -320.000000 120.430781) 
4 86 130 (96.000000 -572.000000 122.287187) (96.000000 -572.000000 120.574374) (96.330127 -572.000000 120.002577) (97.071797 -572.000000 120.430781) 
4 86 100 (96.000000 -224.000000 120.574374) (96.330127 -224.000000 120.002577) (96.330127 -288.000000 120.002577) (96.000000 -288.000000 120.574374) 
4 86 94 (96.000000 -224.000000 122.287187) (96.000000 -224.000000 120.574374) (96.000000 -288.000000 120.574374) (96.000000 -288.000000 122.287187) 
4 86 90 (96.330127 -572.000000 120.002577) (96.330127 -288.000000 120.002577) (97.071797 -288.000000 120.430781) (97.071797 -572.000000 120.430781) 
4 86 87 (96.330127 -288.000000 120.002577) (96.330127 -224.000000 120.002577) (97.071797 -224.000000 120.430781) (97.071797 -288.000000 120.430781) 
4 87 100 (96.330127 -224.000000 120.002577) (146.263861 -224.000000 33.514813) (146.263861 -288.000000 33.514813) (96.330127 -288.000000 120.002577) 
4 87 89 (128.085880 -288.000000 98.712813) (118.848276 -288.000000 114.712813) (112.000000 -288.000000 102.851252) (125.856406 -288.000000 94.851252) 
4 87 90 (118.848276 -288.000000 114.712813) (110.928203 -288.000000 128.430781) (96.330127 -288.000000 120.002577) (109.116225 -288.000000 97.856406) 
4 87 88 (146.263861 -288.000000 33.514813) (146.263861 -288.000000 67.227626) (128.085880 -288.000000 98.712813) (118.353829 -288.000000 81.856406) 
4 88 130 (146.263861 -572.000000 33.514813) (146.263861 -572.000000 67.227626) (128.085880 -572.000000 98.712813) (118.353829 -572.000000 81.856406) 
4 88 103 (146.263861 -288.000000 33.514813) (146.263861 -572.000000 33.514813) (118.353829 -572.000000 81.856406) (118.353829 -288.000000 81.856406) 
4 88 89 (125.856406 -572.000000 94.851252) (128.085880 -572.000000 98.712813) (128.085880 -288.000000 98.712813) (125.856406 -288.000000 94.851252) 
4 89 130 (128.085880 -572.000000 98.712813) (118.848276 -572.000000 114.712813) (112.000000 -572.000000 102.851252) (125.856406 -572.000000 94.851252) 
4 89 90 (118.848276 -288.000000 114.712813) (112.000000 -288.000000 102.851252) (112.000000 -572.000000 102.851252) (118.848276 -572.000000 114.712813) 
4 90 130 (118.848276 -572.000000 114.712813) (110.928203 -572.000000 128.430781) (96.330127 -572.000000 120.002577) (109.116225 -572.000000 97.856406) 
4 91 92 (62.928203 -320.000000 211.569219) (-36.624754 -320.000000 384.000000) (-55.099963 -320.000000 384.000000) (49.071797 -320.000000 203.569219) 
4 91 93 (-55.099963 -224.000000 384.000000) (49.071797 -224.000000 203.569219) (49.071797 -320.000000 203.569219) (-55.099963 -320.000000 384.000000) 
5 92 130 (96.000000 -572.000000 154.287187) (-36.624754 -572.000000 384.000000) (-55.099963 -572.000000 384.000000) (83.464102 -572.000000 144.000000) (96.000000 -572.000000 144.000000) 
4 92 93 (83.464102 -320.000000 144.000000) (83.464102 -572.000000 144.000000) (-55.099963 -572.000000 384.000000) (-55.099963 -320.000000 384.000000) 
4 93 130 (-55.099963 -572.000000 384.000000) (-56.088856 -572.000000 384.000000) (82.475209 -572.000000 144.000000) (83.464102 -572.000000 144.000000) 
4 93 108 (-0.165808 -224.000000 287.138439) (9.071797 -224.000000 271.138439) (9.071797 -572.000000 271.138439) (-0.165808 -572.000000 287.138439) 
4 93 109 (-56.088856 -572.000000 384.000000) (-56.088856 -224.000000 384.000000) (-0.165808 -224.000000 287.138439) (-0.165808 -572.000000 287.138439) 
4 93 97 (45.856406 -572.000000 207.425626) (9.071797 -572.000000 271.138439) (9.071797 -288.000000 271.138439) (45.856406 -288.000000 207.425626) 
4 93 96 (9.071797 -224.000000 271.138439) (64.000000 -224.000000 176.000000) (64.000000 -288.000000 176.000000) (9.071797 -288.000000 271.138439) 
4 93 95 (64.000000 -224.000000 176.000000) (82.475209 -224.000000 144.000000) (82.475209 -288.000000 144.000000) (64.000000 -288.000000 176.000000) 
4 93 94 (82.475209 -288.000000 144.000000) (82.475209 -224.000000 144.000000) (83.464102 -224.000000 144.000000) (83.464102 -288.000000 144.000000) 
4 94 101 (82.475209 -224.000000 144.000000) (85.091035 -224.000000 139.469256) (85.091035 -288.000000 139.469256) (82.475209 -288.000000 144.000000) 
4 94 100 (85.091035 -224.000000 139.469256) (96.000000 -224.000000 120.574374) (96.000000 -288.000000 120.574374) (85.091035 -288.000000 139.469256) 
4 95 101 (82.000000 -224.000000 144.000000) (82.475209 -224.000000 144.000000) (82.475209 -288.000000 144.000000) (82.000000 -288.000000 144.000000) 
4 95 102 (64.000000 -224.000000 144.000000) (82.000000 -224.000000 144.000000) (82.000000 -288.000000 144.000000) (64.000000 -288.000000 144.000000) 
4 95 96 (64.000000 -288.000000 176.000000) (64.000000 -224.000000 176.000000) (64.000000 -224.000000 160.000000) (64.000000 -288.000000 160.000000) 
4 96 108 (9.071797 -288.000000 271.138439) (9.071797 -224.000000 271.138439) (-32.000000 -224.000000 200.000000) (-32.000000 -288.000000 200.000000) 
3 96 98 (-36.287187 -288.000000 160.000000) (54.762396 -288.000000 160.000000) (32.000000 -288.000000 199.425626) 
4 96 97 (9.071797 -288.000000 271.138439) (-55.094011 -288.000000 160.000000) (-36.287187 -288.000000 160.000000) (45.856406 -288.000000 207.425626) 
4 97 130 (45.856406 -572.000000 207.425626) (9.071797 -572.000000 271.138439) (-55.094011 -572.000000 160.000000) (-36.287187 -572.000000 160.000000) 
4 97 108 (-32.000000 -572.000000 200.000000) (9.071797 -572.000000 271.138439) (9.071797 -288.000000 271.138439) (-32.000000 -288.000000 200.000000) 
4 97 98 (32.000000 -572.000000 199.425626) (-36.287187 -572.000000 160.000000) (-36.287187 -288.000000 160.000000) (32.000000 -288.000000 199.425626) 
3 98 130 (32.000000 -572.000000 199.425626) (-36.287187 -572.000000 160.000000) (54.762396 -572.000000 160.000000) 
3 99 130 (-64.000000 -572.000000 144.574374) (-64.331615 -572.000000 144.000000) (-64.000000 -572.000000 144.000000) 
4 99 107 (-64.331615 -556.000000 144.000000) (-64.331615 -384.000000 144.000000) (-64.000000 -384.000000 144.000000) (-64.000000 -556.000000 144.000000) 
4 99 105 (-64.331615 -368.000000 144.000000) (-64.331615 -288.000000 144.000000) (-64.000000 -288.000000 144.000000) (-64.000000 -368.000000 144.000000) 
4 99 102 (-64.331615 -288.000000 144.000000) (-64.331615 -224.000000 144.000000) (-64.000000 -224.000000 144.000000) (-64.000000 -288.000000 144.000000) 
4 100 115 (85.091035 -224.000000 16.000000) (146.263861 -224.000000 16.000000) (146.263861 -288.000000 16.000000) (85.091035 -288.000000 16.000000) 
3 100 104 (96.000000 -288.000000 75.138439) (107.635861 -288.000000 95.292342) (96.000000 -288.000000 88.574374) 
5 100 103 (146.263861 -288.000000 33.514813) (118.353829 -288.000000 81.856406) (96.000000 -288.000000 43.138439) (96.000000 -288.000000 16.000000) (146.263861 -288.000000 16.000000) 
4 100 101 (85.091035 -288.000000 139.469256) (85.091035 -224.000000 139.469256) (85.091035 -224.000000 54.000000) (85.091035 -288.000000 54.000000) 
4 101 102 (82.000000 -288.000000 54.000000) (82.000000 -288.000000 144.000000) (82.000000 -224.000000 144.000000) (82.000000 -224.000000 54.000000) 
4 102 120 (64.000000 -224.000000 16.000000) (82.000000 -224.000000 16.000000) (82.000000 -288.000000 16.000000) (64.000000 -288.000000 16.000000) 
8 102 105 (64.000000 -288.000000 144.000000) (-64.331615 -288.000000 144.000000) (-80.000000 -288.000000 116.861561) (-80.000000 -288.000000 48.000000) (-61.524791 -288.000000 16.000000) (61.856406 -288.000000 16.000000) (80.000000 -288.000000 47.425626) (80.000000 -288.000000 116.287187) 
5 103 130 (146.263861 -572.000000 16.000000) (146.263861 -572.000000 33.514813) (118.353829 -572.000000 81.856406) (96.000000 -572.000000 43.138439) (96.000000 -572.000000 16.000000) 
4 103 118 (146.263861 -572.000000 16.000000) (96.000000 -572.000000 16.000000) (96.000000 -288.000000 16.000000) (146.263861 -288.000000 16.000000) 
3 104 130 (96.000000 -572.000000 75.138439) (107.635861 -572.000000 95.292342) (96.000000 -572.000000 88.574374) 
4 105 106 (32.000000 -368.000000 144.000000) (-32.000000 -368.000000 144.000000) (-32.000000 -368.000000 16.000000) (32.000000 -368.000000 16.000000) 
4 106 107 (32.000000 -384.000000 144.000000) (-32.000000 -384.000000 144.000000) (-32.000000 -384.000000 16.000000) (32.000000 -384.000000 16.000000) 
4 108 130 (9.071797 -572.000000 271.138439) (-0.165808 -572.000000 287.138439) (-45.856406 -572.000000 208.000000) (-32.000000 -572.000000 200.000000) 
4 108 109 (-45.856406 -572.000000 208.000000) (-0.165808 -572.000000 287.138439) (-0.165808 -224.000000 287.138439) (-45.856406 -224.000000 208.000000) 
4 109 130 (-0.165808 -572.000000 287.138439) (-56.088856 -572.000000 384.000000) (-80.000000 -572.000000 384.000000) (-80.000000 -572.000000 148.861561) 
4 109 110 (-80.000000 -572.000000 148.861561) (-80.000000 -572.000000 384.000000) (-80.000000 -224.000000 384.000000) (-80.000000 -224.000000 148.861561) 
5 110 130 (-80.000000 -572.000000 384.000000) (-114.000000 -572.000000 384.000000) (-114.000000 -572.000000 144.000000) (-82.806824 -572.000000 144.000000) (-80.000000 -572.000000 148.861561) 
4 110 111 (-114.000000 -224.000000 144.000000) (-96.000000 -224.000000 144.000000) (-96.000000 -556.000000 144.000000) (-114.000000 -556.000000 144.000000) 
4 110 128 (-114.000000 -224.000000 384.000000) (-114.000000 -224.000000 144.000000) (-114.000000 -572.000000 144.000000) (-114.000000 -572.000000 384.000000) 
4 111 112 (-114.000000 -556.000000 99.541053) (-114.000000 -224.000000 99.541053) (-109.856406 -224.000000 97.148748) (-109.856406 -556.000000 97.148748) 
4 111 128 (-114.000000 -224.000000 144.000000) (-114.000000 -224.000000 99.541053) (-114.000000 -556.000000 99.541053) (-114.000000 -556.000000 144.000000) 
4 112 113 (-98.143594 -224.000000 79.425626) (-96.000000 -224.000000 80.663230) (-96.000000 -556.000000 80.663230) (-98.143594 -556.000000 79.425626) 
4 112 128 (-114.000000 -224.000000 99.541053) (-114.000000 -224.000000 74.889727) (-114.000000 -556.000000 74.889727) (-114.000000 -556.000000 99.541053) 
4 112 114 (-112.000000 -556.000000 71.425626) (-114.000000 -556.000000 74.889727) (-114.000000 -224.000000 74.889727) (-112.000000 -224.000000 71.425626) 
4 114 127 (-114.000000 -556.000000 16.000000) (-114.000000 -224.000000 16.000000) (-96.000000 -224.000000 16.000000) (-96.000000 -556.000000 16.000000) 
4 114 128 (-114.000000 -224.000000 74.889727) (-114.000000 -224.000000 16.000000) (-114.000000 -556.000000 16.000000) (-114.000000 -556.000000 74.889727) 
4 115 118 (146.263861 -288.000000 15.349456) (146.263861 -288.000000 16.000000) (85.091035 -288.000000 16.000000) (85.091035 -288.000000 15.349456) 
4 116 117 (129.421639 -288.000000 -42.000000) (140.382788 -288.000000 -1.092435) (140.382788 -224.000000 -1.092435) (129.421639 -224.000000 -42.000000) 
4 116 118 (129.421639 -288.000000 -42.000000) (146.263861 -288.000000 -42.000000) (146.263861 -288.000000 -2.668264) (140.382788 -288.000000 -1.092435) 
4 116 129 (129.421639 -224.000000 -42.000000) (146.263861 -224.000000 -42.000000) (146.263861 -288.000000 -42.000000) (129.421639 -288.000000 -42.000000) 
4 117 129 (85.091035 -224.000000 -42.000000) (129.421639 -224.000000 -42.000000) (129.421639 -288.000000 -42.000000) (85.091035 -288.000000 -42.000000) 
4 117 118 (85.091035 -288.000000 -42.000000) (129.421639 -288.000000 -42.000000) (140.501192 -288.000000 -0.650544) (85.091035 -288.000000 -0.650544) 
4 118 130 (146.263861 -572.000000 -42.000000) (146.263861 -572.000000 16.000000) (85.091035 -572.000000 16.000000) (85.091035 -572.000000 -42.000000) 
4 118 119 (85.091035 -333.966679 -42.000000) (85.091035 -572.000000 -42.000000) (85.091035 -572.000000 16.000000) (85.091035 -333.966679 16.000000) 
4 118 129 (146.263861 -288.000000 -42.000000) (146.263861 -572.000000 -42.000000) (85.091035 -572.000000 -42.000000) (85.091035 -288.000000 -42.000000) 
4 119 130 (85.091035 -572.000000 16.000000) (82.000000 -572.000000 16.000000) (82.000000 -572.000000 -42.000000) (85.091035 -572.000000 -42.000000) 
4 119 123 (82.000000 -333.966679 -42.000000) (82.000000 -572.000000 -42.000000) (82.000000 -572.000000 16.000000) (82.000000 -333.966679 16.000000) 
4 119 129 (85.091035 -333.966679 -42.000000) (85.091035 -572.000000 -42.000000) (82.000000 -572.000000 -42.000000) (82.000000 -333.966679 -42.000000) 
4 120 123 (82.000000 -288.000000 15.349456) (82.000000 -288.000000 16.000000) (80.331615 -288.000000 16.000000) (79.956023 -288.000000 15.349456) 
4 121 125 (52.618802 -288.000000 0.000000) (-52.287187 -288.000000 0.000000) (-51.911595 -288.000000 -0.650544) (52.243210 -288.000000 -0.650544) 
4 121 122 (56.000000 -288.000000 -0.650544) (-51.911595 -288.000000 -0.650544) (-51.911595 -224.000000 -0.650544) (56.000000 -224.000000 -0.650544) 
4 122 126 (-34.143594 -224.000000 -31.425626) (-28.038476 -224.000000 -42.000000) (-28.038476 -288.000000 -42.000000) (-34.143594 -288.000000 -31.425626) 
4 122 125 (-28.038476 -288.000000 -42.000000) (28.370091 -288.000000 -42.000000) (52.243210 -288.000000 -0.650544) (-51.911595 -288.000000 -0.650544) 
4 122 124 (28.370091 -288.000000 -42.000000) (46.845299 -288.000000 -42.000000) (61.856406 -288.000000 -16.000000) (48.000000 -288.000000 -8.000000) 
4 122 123 (46.845299 -288.000000 -42.000000) (82.000000 -288.000000 -42.000000) (82.000000 -288.000000 -0.650544) (70.718419 -288.000000 -0.650544) 
4 122 129 (-28.038476 -224.000000 -42.000000) (82.000000 -224.000000 -42.000000) (82.000000 -288.000000 -42.000000) (-28.038476 -288.000000 -42.000000) 
4 123 130 (82.000000 -572.000000 16.000000) (80.331615 -572.000000 16.000000) (46.845299 -572.000000 -42.000000) (82.000000 -572.000000 -42.000000) 
4 123 124 (46.845299 -288.000000 -42.000000) (46.845299 -572.000000 -42.000000) (61.856406 -572.000000 -16.000000) (61.856406 -288.000000 -16.000000) 
4 123 129 (82.000000 -288.000000 -42.000000) (82.000000 -572.000000 -42.000000) (46.845299 -572.000000 -42.000000) (46.845299 -288.000000 -42.000000) 
4 124 130 (48.000000 -572.000000 -8.000000) (28.370091 -572.000000 -42.000000) (46.845299 -572.000000 -42.000000) (61.856406 -572.000000 -16.000000) 
4 124 125 (48.000000 -288.000000 -8.000000) (28.370091 -288.000000 -42.000000) (28.370091 -572.000000 -42.000000) (48.000000 -572.000000 -8.000000) 
4 124 129 (46.845299 -572.000000 -42.000000) (28.370091 -572.000000 -42.000000) (28.370091 -288.000000 -42.000000) (46.845299 -288.000000 -42.000000) 
4 125 130 (-52.287187 -572.000000 0.000000) (-28.038476 -572.000000 -42.000000) (28.370091 -572.000000 -42.000000) (52.618802 -572.000000 0.000000) 
4 125 126 (-28.038476 -288.000000 -42.000000) (-28.038476 -572.000000 -42.000000) (-34.143594 -572.000000 -31.425626) (-34.143594 -288.000000 -31.425626) 
4 125 129 (28.370091 -572.000000 -42.000000) (-28.038476 -572.000000 -42.000000) (-28.038476 -288.000000 -42.000000) (28.370091 -288.000000 -42.000000) 
4 126 130 (-48.000000 -572.000000 -39.425626) (-46.513684 -572.000000 -42.000000) (-28.038476 -572.000000 -42.000000) (-34.143594 -572.000000 -31.425626) 
4 126 129 (-46.513684 -224.000000 -42.000000) (-28.038476 -224.000000 -42.000000) (-28.038476 -572.000000 -42.000000) (-46.513684 -572.000000 -42.000000) 
4 126 127 (-46.513684 -224.000000 -42.000000) (-46.513684 -572.000000 -42.000000) (-48.000000 -572.000000 -39.425626) (-48.000000 -224.000000 -39.425626) 
4 127 130 (-80.000000 -572.000000 16.000000) (-114.000000 -572.000000 16.000000) (-114.000000 -572.000000 -42.000000) (-46.513684 -572.000000 -42.000000) 
4 127 128 (-114.000000 -224.000000 16.000000) (-114.000000 -224.000000 -42.000000) (-114.000000 -572.000000 -42.000000) (-114.000000 -572.000000 16.000000) 
4 127 129 (-114.000000 -224.000000 -42.000000) (-46.513684 -224.000000 -42.000000) (-46.513684 -572.000000 -42.000000) (-114.000000 -572.000000 -42.000000) 
4 128 130 (-114.000000 -572.000000 384.000000) (-592.000000 -572.000000 384.000000) (-592.000000 -572.000000 -42.000000) (-114.000000 -572.000000 -42.000000) 
4 128 129 (-592.000000 -572.000000 -42.000000) (-592.000000 -224.000000 -42.000000) (-114.000000 -224.000000 -42.000000) (-114.000000 -572.000000 -42.000000) 
4 129 130 (-592.000000 -572.000000 -48.000000) (146.263861 -572.000000 -48.000000) (146.263861 -572.000000 -42.000000) (-592.000000 -572.000000 -42.000000) 
